[ 2018-06-03T22:17:18+08:00 ] 0.0.0.0 /member-verify.html
INFO: [ route_check ] --START--
INFO: CheckRoute Behavior ::run [ RunTime:0.000594s ]
INFO: [ route_check ] --END-- [ RunTime:0.000703s ]
NOTIC: [8192] preg_replace(): The /e modifier is deprecated, use preg_replace_callback instead D:\work\project\0603\0603\Core\Lib\Core\Dispatcher.class.php 第 132 行.
NOTIC: [8192] preg_replace(): The /e modifier is deprecated, use preg_replace_callback instead D:\work\project\0603\0603\Core\Common\common.php 第 212 行.
NOTIC: [8] Use of undefined constant GROUP_NAME - assumed 'GROUP_NAME' D:\work\project\0603\0603\Core\Lib\Core\App.class.php 第 61 行.
INFO: [ app_begin ] --START--
INFO: ReadHtmlCache Behavior ::run [ RunTime:0.000606s ]
INFO: [ app_begin ] --END-- [ RunTime:0.000705s ]
NOTIC: [2048] Declaration of CommonAction::show() should be compatible with Action::show($content, $charset = '', $contentType = '', $prefix = '') D:\work\project\0603\0603\Apps\Lib\Action\CommonAction.class.php 第 491 行.
NOTIC: [8192] mysql_connect(): The mysql extension is deprecated and will be removed in the future: use mysqli or PDO instead D:\work\project\0603\0603\Core\Lib\Driver\Db\DbMysql.class.php 第 55 行.
SQL: SHOW COLUMNS FROM `wxq_category` [ RunTime:0.030703s ]
NOTIC: [8192] preg_replace(): The /e modifier is deprecated, use preg_replace_callback instead D:\work\project\0603\0603\Core\Lib\Core\Db.class.php 第 604 行.
SQL: SELECT * FROM `wxq_category` WHERE ( pid=0 AND status=1 ) ORDER BY listorder  [ RunTime:0.031153s ]
NOTIC: [8192] preg_replace(): The /e modifier is deprecated, use preg_replace_callback instead D:\work\project\0603\0603\Core\Lib\Core\Db.class.php 第 604 行.
SQL: SELECT * FROM `wxq_category` WHERE ( pid=53 AND status=1 ) ORDER BY listorder  [ RunTime:0.030213s ]
NOTIC: [8192] preg_replace(): The /e modifier is deprecated, use preg_replace_callback instead D:\work\project\0603\0603\Core\Lib\Core\Db.class.php 第 604 行.
SQL: SELECT * FROM `wxq_category` WHERE ( pid=44 AND status=1 ) ORDER BY listorder  [ RunTime:0.061798s ]
NOTIC: [8192] preg_replace(): The /e modifier is deprecated, use preg_replace_callback instead D:\work\project\0603\0603\Core\Lib\Core\Db.class.php 第 604 行.
SQL: SELECT * FROM `wxq_category` WHERE ( pid=48 AND status=1 ) ORDER BY listorder  [ RunTime:0.065653s ]
NOTIC: [8192] preg_replace(): The /e modifier is deprecated, use preg_replace_callback instead D:\work\project\0603\0603\Core\Lib\Core\Db.class.php 第 604 行.
SQL: SELECT * FROM `wxq_category` WHERE ( pid=47 AND status=1 ) ORDER BY listorder  [ RunTime:0.061359s ]
NOTIC: [8192] preg_replace(): The /e modifier is deprecated, use preg_replace_callback instead D:\work\project\0603\0603\Core\Lib\Core\Db.class.php 第 604 行.
SQL: SELECT * FROM `wxq_category` WHERE ( pid=159 AND status=1 ) ORDER BY listorder  [ RunTime:0.030328s ]
NOTIC: [2] Invalid argument supplied for foreach() D:\work\project\0603\0603\Apps\Lib\Action\CommonAction.class.php 第 17 行.
NOTIC: [8192] preg_replace(): The /e modifier is deprecated, use preg_replace_callback instead D:\work\project\0603\0603\Core\Lib\Core\Db.class.php 第 604 行.
SQL: SELECT * FROM `wxq_category` WHERE ( pid=158 AND status=1 ) ORDER BY listorder  [ RunTime:0.029890s ]
NOTIC: [2] Invalid argument supplied for foreach() D:\work\project\0603\0603\Apps\Lib\Action\CommonAction.class.php 第 17 行.
NOTIC: [8192] preg_replace(): The /e modifier is deprecated, use preg_replace_callback instead D:\work\project\0603\0603\Core\Lib\Core\Db.class.php 第 604 行.
SQL: SELECT * FROM `wxq_category` WHERE ( pid=87 AND status=1 ) ORDER BY listorder  [ RunTime:0.030389s ]
NOTIC: [2] Invalid argument supplied for foreach() D:\work\project\0603\0603\Apps\Lib\Action\CommonAction.class.php 第 17 行.
NOTIC: [8192] preg_replace(): The /e modifier is deprecated, use preg_replace_callback instead D:\work\project\0603\0603\Core\Lib\Core\Db.class.php 第 604 行.
SQL: SELECT * FROM `wxq_category` WHERE ( pid=55 AND status=1 ) ORDER BY listorder  [ RunTime:0.029722s ]
NOTIC: [2] Invalid argument supplied for foreach() D:\work\project\0603\0603\Apps\Lib\Action\CommonAction.class.php 第 17 行.
NOTIC: [8192] preg_replace(): The /e modifier is deprecated, use preg_replace_callback instead D:\work\project\0603\0603\Core\Lib\Core\Db.class.php 第 604 行.
SQL: SELECT * FROM `wxq_category` WHERE ( pid=88 AND status=1 ) ORDER BY listorder  [ RunTime:0.029783s ]
NOTIC: [2] Invalid argument supplied for foreach() D:\work\project\0603\0603\Apps\Lib\Action\CommonAction.class.php 第 17 行.
NOTIC: [8192] preg_replace(): The /e modifier is deprecated, use preg_replace_callback instead D:\work\project\0603\0603\Core\Lib\Core\Db.class.php 第 604 行.
SQL: SELECT * FROM `wxq_category` WHERE ( pid=89 AND status=1 ) ORDER BY listorder  [ RunTime:0.029968s ]
NOTIC: [2] Invalid argument supplied for foreach() D:\work\project\0603\0603\Apps\Lib\Action\CommonAction.class.php 第 17 行.
NOTIC: [8192] preg_replace(): The /e modifier is deprecated, use preg_replace_callback instead D:\work\project\0603\0603\Core\Lib\Core\Db.class.php 第 604 行.
SQL: SELECT * FROM `wxq_category` WHERE ( pid=90 AND status=1 ) ORDER BY listorder  [ RunTime:0.031676s ]
NOTIC: [2] Invalid argument supplied for foreach() D:\work\project\0603\0603\Apps\Lib\Action\CommonAction.class.php 第 17 行.
NOTIC: [8192] preg_replace(): The /e modifier is deprecated, use preg_replace_callback instead D:\work\project\0603\0603\Core\Lib\Core\Db.class.php 第 604 行.
SQL: SELECT * FROM `wxq_category` WHERE ( pid=148 AND status=1 ) ORDER BY listorder  [ RunTime:0.029978s ]
NOTIC: [2] Invalid argument supplied for foreach() D:\work\project\0603\0603\Apps\Lib\Action\CommonAction.class.php 第 17 行.
NOTIC: [8192] preg_replace(): The /e modifier is deprecated, use preg_replace_callback instead D:\work\project\0603\0603\Core\Lib\Core\Db.class.php 第 604 行.
SQL: SELECT * FROM `wxq_category` WHERE ( pid=1 AND status=1 ) ORDER BY listorder  [ RunTime:0.030592s ]
NOTIC: [8192] preg_replace(): The /e modifier is deprecated, use preg_replace_callback instead D:\work\project\0603\0603\Core\Lib\Core\Db.class.php 第 604 行.
SQL: SELECT * FROM `wxq_category` WHERE ( pid=56 AND status=1 ) ORDER BY listorder  [ RunTime:0.029802s ]
NOTIC: [2] Invalid argument supplied for foreach() D:\work\project\0603\0603\Apps\Lib\Action\CommonAction.class.php 第 20 行.
NOTIC: [8192] preg_replace(): The /e modifier is deprecated, use preg_replace_callback instead D:\work\project\0603\0603\Core\Lib\Core\Db.class.php 第 604 行.
SQL: SELECT * FROM `wxq_category` WHERE ( pid=57 AND status=1 ) ORDER BY listorder  [ RunTime:0.031137s ]
NOTIC: [2] Invalid argument supplied for foreach() D:\work\project\0603\0603\Apps\Lib\Action\CommonAction.class.php 第 20 行.
NOTIC: [8192] preg_replace(): The /e modifier is deprecated, use preg_replace_callback instead D:\work\project\0603\0603\Core\Lib\Core\Db.class.php 第 604 行.
SQL: SELECT * FROM `wxq_category` WHERE ( pid=58 AND status=1 ) ORDER BY listorder  [ RunTime:0.029797s ]
NOTIC: [2] Invalid argument supplied for foreach() D:\work\project\0603\0603\Apps\Lib\Action\CommonAction.class.php 第 20 行.
NOTIC: [8192] preg_replace(): The /e modifier is deprecated, use preg_replace_callback instead D:\work\project\0603\0603\Core\Lib\Core\Db.class.php 第 604 行.
SQL: SELECT * FROM `wxq_category` WHERE ( pid=273 AND status=1 ) ORDER BY listorder  [ RunTime:0.031174s ]
NOTIC: [2] Invalid argument supplied for foreach() D:\work\project\0603\0603\Apps\Lib\Action\CommonAction.class.php 第 20 行.
NOTIC: [8192] preg_replace(): The /e modifier is deprecated, use preg_replace_callback instead D:\work\project\0603\0603\Core\Lib\Core\Db.class.php 第 604 行.
SQL: SELECT * FROM `wxq_category` WHERE ( pid=59 AND status=1 ) ORDER BY listorder  [ RunTime:0.030084s ]
NOTIC: [2] Invalid argument supplied for foreach() D:\work\project\0603\0603\Apps\Lib\Action\CommonAction.class.php 第 20 行.
NOTIC: [8192] preg_replace(): The /e modifier is deprecated, use preg_replace_callback instead D:\work\project\0603\0603\Core\Lib\Core\Db.class.php 第 604 行.
SQL: SELECT * FROM `wxq_category` WHERE ( pid=60 AND status=1 ) ORDER BY listorder  [ RunTime:0.029873s ]
NOTIC: [2] Invalid argument supplied for foreach() D:\work\project\0603\0603\Apps\Lib\Action\CommonAction.class.php 第 20 行.
NOTIC: [8192] preg_replace(): The /e modifier is deprecated, use preg_replace_callback instead D:\work\project\0603\0603\Core\Lib\Core\Db.class.php 第 604 行.
SQL: SELECT * FROM `wxq_category` WHERE ( pid=61 AND status=1 ) ORDER BY listorder  [ RunTime:0.029875s ]
NOTIC: [2] Invalid argument supplied for foreach() D:\work\project\0603\0603\Apps\Lib\Action\CommonAction.class.php 第 20 行.
NOTIC: [8192] preg_replace(): The /e modifier is deprecated, use preg_replace_callback instead D:\work\project\0603\0603\Core\Lib\Core\Db.class.php 第 604 行.
SQL: SELECT * FROM `wxq_category` WHERE ( pid=62 AND status=1 ) ORDER BY listorder  [ RunTime:0.031361s ]
NOTIC: [2] Invalid argument supplied for foreach() D:\work\project\0603\0603\Apps\Lib\Action\CommonAction.class.php 第 20 行.
NOTIC: [8192] preg_replace(): The /e modifier is deprecated, use preg_replace_callback instead D:\work\project\0603\0603\Core\Lib\Core\Db.class.php 第 604 行.
SQL: SELECT * FROM `wxq_category` WHERE ( pid=272 AND status=1 ) ORDER BY listorder  [ RunTime:0.029741s ]
NOTIC: [2] Invalid argument supplied for foreach() D:\work\project\0603\0603\Apps\Lib\Action\CommonAction.class.php 第 20 行.
NOTIC: [8192] preg_replace(): The /e modifier is deprecated, use preg_replace_callback instead D:\work\project\0603\0603\Core\Lib\Core\Db.class.php 第 604 行.
SQL: SELECT * FROM `wxq_category` WHERE ( pid=274 AND status=1 ) ORDER BY listorder  [ RunTime:0.029895s ]
NOTIC: [2] Invalid argument supplied for foreach() D:\work\project\0603\0603\Apps\Lib\Action\CommonAction.class.php 第 20 行.
NOTIC: [8192] preg_replace(): The /e modifier is deprecated, use preg_replace_callback instead D:\work\project\0603\0603\Core\Lib\Core\Db.class.php 第 604 行.
SQL: SELECT * FROM `wxq_category` WHERE ( pid=63 AND status=1 ) ORDER BY listorder  [ RunTime:0.030153s ]
NOTIC: [2] Invalid argument supplied for foreach() D:\work\project\0603\0603\Apps\Lib\Action\CommonAction.class.php 第 20 行.
NOTIC: [8192] preg_replace(): The /e modifier is deprecated, use preg_replace_callback instead D:\work\project\0603\0603\Core\Lib\Core\Db.class.php 第 604 行.
SQL: SELECT * FROM `wxq_category` WHERE ( pid=142 AND status=1 ) ORDER BY listorder  [ RunTime:0.030301s ]
NOTIC: [2] Invalid argument supplied for foreach() D:\work\project\0603\0603\Apps\Lib\Action\CommonAction.class.php 第 17 行.
NOTIC: [8192] preg_replace(): The /e modifier is deprecated, use preg_replace_callback instead D:\work\project\0603\0603\Core\Lib\Core\Db.class.php 第 604 行.
SQL: SELECT * FROM `wxq_category` WHERE ( pid=149 AND status=1 ) ORDER BY listorder  [ RunTime:0.030793s ]
NOTIC: [2] Invalid argument supplied for foreach() D:\work\project\0603\0603\Apps\Lib\Action\CommonAction.class.php 第 17 行.
NOTIC: [8192] preg_replace(): The /e modifier is deprecated, use preg_replace_callback instead D:\work\project\0603\0603\Core\Lib\Core\Db.class.php 第 604 行.
SQL: SELECT * FROM `wxq_category` WHERE ( pid=150 AND status=1 ) ORDER BY listorder  [ RunTime:0.031062s ]
NOTIC: [2] Invalid argument supplied for foreach() D:\work\project\0603\0603\Apps\Lib\Action\CommonAction.class.php 第 17 行.
NOTIC: [8192] preg_replace(): The /e modifier is deprecated, use preg_replace_callback instead D:\work\project\0603\0603\Core\Lib\Core\Db.class.php 第 604 行.
SQL: SELECT * FROM `wxq_category` WHERE ( pid=49 AND status=1 ) ORDER BY listorder  [ RunTime:0.032528s ]
NOTIC: [8192] preg_replace(): The /e modifier is deprecated, use preg_replace_callback instead D:\work\project\0603\0603\Core\Lib\Core\Db.class.php 第 604 行.
SQL: SELECT * FROM `wxq_category` WHERE ( pid=107 AND status=1 ) ORDER BY listorder  [ RunTime:0.030354s ]
NOTIC: [2] Invalid argument supplied for foreach() D:\work\project\0603\0603\Apps\Lib\Action\CommonAction.class.php 第 20 行.
NOTIC: [8192] preg_replace(): The /e modifier is deprecated, use preg_replace_callback instead D:\work\project\0603\0603\Core\Lib\Core\Db.class.php 第 604 行.
SQL: SELECT * FROM `wxq_category` WHERE ( pid=108 AND status=1 ) ORDER BY listorder  [ RunTime:0.030470s ]
NOTIC: [2] Invalid argument supplied for foreach() D:\work\project\0603\0603\Apps\Lib\Action\CommonAction.class.php 第 20 行.
NOTIC: [8192] preg_replace(): The /e modifier is deprecated, use preg_replace_callback instead D:\work\project\0603\0603\Core\Lib\Core\Db.class.php 第 604 行.
SQL: SELECT * FROM `wxq_category` WHERE ( pid=109 AND status=1 ) ORDER BY listorder  [ RunTime:0.029811s ]
NOTIC: [2] Invalid argument supplied for foreach() D:\work\project\0603\0603\Apps\Lib\Action\CommonAction.class.php 第 20 行.
NOTIC: [8192] preg_replace(): The /e modifier is deprecated, use preg_replace_callback instead D:\work\project\0603\0603\Core\Lib\Core\Db.class.php 第 604 行.
SQL: SELECT * FROM `wxq_category` WHERE ( pid=110 AND status=1 ) ORDER BY listorder  [ RunTime:0.032775s ]
NOTIC: [2] Invalid argument supplied for foreach() D:\work\project\0603\0603\Apps\Lib\Action\CommonAction.class.php 第 20 行.
NOTIC: [8192] preg_replace(): The /e modifier is deprecated, use preg_replace_callback instead D:\work\project\0603\0603\Core\Lib\Core\Db.class.php 第 604 行.
SQL: SELECT * FROM `wxq_category` WHERE ( pid=111 AND status=1 ) ORDER BY listorder  [ RunTime:0.030298s ]
NOTIC: [2] Invalid argument supplied for foreach() D:\work\project\0603\0603\Apps\Lib\Action\CommonAction.class.php 第 20 行.
NOTIC: [8192] preg_replace(): The /e modifier is deprecated, use preg_replace_callback instead D:\work\project\0603\0603\Core\Lib\Core\Db.class.php 第 604 行.
SQL: SELECT * FROM `wxq_category` WHERE ( pid=124 AND status=1 ) ORDER BY listorder  [ RunTime:0.029510s ]
NOTIC: [2] Invalid argument supplied for foreach() D:\work\project\0603\0603\Apps\Lib\Action\CommonAction.class.php 第 20 行.
NOTIC: [8192] preg_replace(): The /e modifier is deprecated, use preg_replace_callback instead D:\work\project\0603\0603\Core\Lib\Core\Db.class.php 第 604 行.
SQL: SELECT * FROM `wxq_category` WHERE ( pid=50 AND status=1 ) ORDER BY listorder  [ RunTime:0.030195s ]
NOTIC: [8192] preg_replace(): The /e modifier is deprecated, use preg_replace_callback instead D:\work\project\0603\0603\Core\Lib\Core\Db.class.php 第 604 行.
SQL: SELECT * FROM `wxq_category` WHERE ( pid=112 AND status=1 ) ORDER BY listorder  [ RunTime:0.029499s ]
NOTIC: [2] Invalid argument supplied for foreach() D:\work\project\0603\0603\Apps\Lib\Action\CommonAction.class.php 第 20 行.
NOTIC: [8192] preg_replace(): The /e modifier is deprecated, use preg_replace_callback instead D:\work\project\0603\0603\Core\Lib\Core\Db.class.php 第 604 行.
SQL: SELECT * FROM `wxq_category` WHERE ( pid=113 AND status=1 ) ORDER BY listorder  [ RunTime:0.029510s ]
NOTIC: [2] Invalid argument supplied for foreach() D:\work\project\0603\0603\Apps\Lib\Action\CommonAction.class.php 第 20 行.
NOTIC: [8192] preg_replace(): The /e modifier is deprecated, use preg_replace_callback instead D:\work\project\0603\0603\Core\Lib\Core\Db.class.php 第 604 行.
SQL: SELECT * FROM `wxq_category` WHERE ( pid=114 AND status=1 ) ORDER BY listorder  [ RunTime:0.030129s ]
NOTIC: [2] Invalid argument supplied for foreach() D:\work\project\0603\0603\Apps\Lib\Action\CommonAction.class.php 第 20 行.
NOTIC: [8192] preg_replace(): The /e modifier is deprecated, use preg_replace_callback instead D:\work\project\0603\0603\Core\Lib\Core\Db.class.php 第 604 行.
SQL: SELECT * FROM `wxq_category` WHERE ( pid=115 AND status=1 ) ORDER BY listorder  [ RunTime:0.029990s ]
NOTIC: [2] Invalid argument supplied for foreach() D:\work\project\0603\0603\Apps\Lib\Action\CommonAction.class.php 第 20 行.
NOTIC: [8192] preg_replace(): The /e modifier is deprecated, use preg_replace_callback instead D:\work\project\0603\0603\Core\Lib\Core\Db.class.php 第 604 行.
SQL: SELECT * FROM `wxq_category` WHERE ( pid=116 AND status=1 ) ORDER BY listorder  [ RunTime:0.030016s ]
NOTIC: [2] Invalid argument supplied for foreach() D:\work\project\0603\0603\Apps\Lib\Action\CommonAction.class.php 第 20 行.
NOTIC: [8192] preg_replace(): The /e modifier is deprecated, use preg_replace_callback instead D:\work\project\0603\0603\Core\Lib\Core\Db.class.php 第 604 行.
SQL: SELECT * FROM `wxq_category` WHERE ( pid=117 AND status=1 ) ORDER BY listorder  [ RunTime:0.029910s ]
NOTIC: [2] Invalid argument supplied for foreach() D:\work\project\0603\0603\Apps\Lib\Action\CommonAction.class.php 第 20 行.
NOTIC: [8192] preg_replace(): The /e modifier is deprecated, use preg_replace_callback instead D:\work\project\0603\0603\Core\Lib\Core\Db.class.php 第 604 行.
SQL: SELECT * FROM `wxq_category` WHERE ( pid=118 AND status=1 ) ORDER BY listorder  [ RunTime:0.029975s ]
NOTIC: [2] Invalid argument supplied for foreach() D:\work\project\0603\0603\Apps\Lib\Action\CommonAction.class.php 第 20 行.
NOTIC: [8192] preg_replace(): The /e modifier is deprecated, use preg_replace_callback instead D:\work\project\0603\0603\Core\Lib\Core\Db.class.php 第 604 行.
SQL: SELECT * FROM `wxq_category` WHERE ( pid=119 AND status=1 ) ORDER BY listorder  [ RunTime:0.029836s ]
NOTIC: [2] Invalid argument supplied for foreach() D:\work\project\0603\0603\Apps\Lib\Action\CommonAction.class.php 第 20 行.
NOTIC: [8192] preg_replace(): The /e modifier is deprecated, use preg_replace_callback instead D:\work\project\0603\0603\Core\Lib\Core\Db.class.php 第 604 行.
SQL: SELECT * FROM `wxq_category` WHERE ( pid=120 AND status=1 ) ORDER BY listorder  [ RunTime:0.029555s ]
NOTIC: [2] Invalid argument supplied for foreach() D:\work\project\0603\0603\Apps\Lib\Action\CommonAction.class.php 第 20 行.
NOTIC: [8192] preg_replace(): The /e modifier is deprecated, use preg_replace_callback instead D:\work\project\0603\0603\Core\Lib\Core\Db.class.php 第 604 行.
SQL: SELECT * FROM `wxq_category` WHERE ( pid=122 AND status=1 ) ORDER BY listorder  [ RunTime:0.031173s ]
NOTIC: [2] Invalid argument supplied for foreach() D:\work\project\0603\0603\Apps\Lib\Action\CommonAction.class.php 第 20 行.
NOTIC: [8192] preg_replace(): The /e modifier is deprecated, use preg_replace_callback instead D:\work\project\0603\0603\Core\Lib\Core\Db.class.php 第 604 行.
SQL: SELECT * FROM `wxq_category` WHERE ( `status` >= 0 ) ORDER BY level,listorder  [ RunTime:0.150614s ]
NOTIC: [8192] preg_replace(): The /e modifier is deprecated, use preg_replace_callback instead D:\work\project\0603\0603\Core\Lib\Core\Db.class.php 第 604 行.
SQL: SELECT * FROM `wxq_category` WHERE ( `id` = 141 ) LIMIT 1   [ RunTime:0.030360s ]
NOTIC: [8192] preg_replace(): The /e modifier is deprecated, use preg_replace_callback instead D:\work\project\0603\0603\Core\Lib\Core\Db.class.php 第 604 行.
SQL: SELECT * FROM `wxq_category` WHERE ( status=1 ) ORDER BY listorder desc  [ RunTime:0.148594s ]
NOTIC: [8] Undefined variable: id D:\work\project\0603\0603\Apps\Common\common.php 第 82 行.
NOTIC: [8] Undefined variable: id D:\work\project\0603\0603\Apps\Common\common.php 第 78 行.
NOTIC: [8] Undefined variable: id D:\work\project\0603\0603\Apps\Common\common.php 第 82 行.
NOTIC: [8] Undefined variable: id D:\work\project\0603\0603\Apps\Common\common.php 第 82 行.
NOTIC: [8] Undefined variable: id D:\work\project\0603\0603\Apps\Common\common.php 第 82 行.
NOTIC: [8] Undefined variable: id D:\work\project\0603\0603\Apps\Common\common.php 第 82 行.
SQL: SHOW COLUMNS FROM `wxq_article` [ RunTime:0.029971s ]
NOTIC: [8192] preg_replace(): The /e modifier is deprecated, use preg_replace_callback instead D:\work\project\0603\0603\Core\Lib\Core\Db.class.php 第 604 行.
SQL: SELECT * FROM `wxq_article` WHERE ( catid in (151,152,153,154,155) )  [ RunTime:0.091293s ]
SQL: SHOW COLUMNS FROM `wxq_tjdate` [ RunTime:0.029769s ]
NOTIC: [8192] preg_replace(): The /e modifier is deprecated, use preg_replace_callback instead D:\work\project\0603\0603\Core\Lib\Core\Db.class.php 第 604 行.
SQL: SELECT * FROM `wxq_tjdate` WHERE ( `create_date` = '20180603' ) LIMIT 1   [ RunTime:0.029337s ]
SQL: UPDATE `wxq_tjdate` SET `create_date`=20180603,`create_num`=6300 WHERE ( `id` = 308 ) [ RunTime:0.029380s ]
SQL: SHOW COLUMNS FROM `wxq_tjurl` [ RunTime:0.029538s ]
NOTIC: [8192] preg_replace(): The /e modifier is deprecated, use preg_replace_callback instead D:\work\project\0603\0603\Core\Lib\Core\Db.class.php 第 604 行.
SQL: SELECT * FROM `wxq_tjurl` WHERE ( `create_url` = '/member-verify.html' ) LIMIT 1   [ RunTime:0.029620s ]
SQL: UPDATE `wxq_tjurl` SET `create_url`='/member-verify.html',`create_num`=46335 WHERE ( `id` = 11 ) [ RunTime:0.029460s ]

[ 2018-06-03T22:17:18+08:00 ] 0.0.0.0 /undefined
INFO: [ route_check ] --START--
INFO: CheckRoute Behavior ::run [ RunTime:0.000569s ]
INFO: [ route_check ] --END-- [ RunTime:0.000688s ]
NOTIC: [8192] preg_replace(): The /e modifier is deprecated, use preg_replace_callback instead D:\work\project\0603\0603\Core\Lib\Core\Dispatcher.class.php 第 132 行.
NOTIC: [8192] preg_replace(): The /e modifier is deprecated, use preg_replace_callback instead D:\work\project\0603\0603\Core\Common\common.php 第 212 行.
NOTIC: [8] Use of undefined constant GROUP_NAME - assumed 'GROUP_NAME' D:\work\project\0603\0603\Core\Lib\Core\App.class.php 第 61 行.
INFO: [ app_begin ] --START--
INFO: ReadHtmlCache Behavior ::run [ RunTime:0.000484s ]
INFO: [ app_begin ] --END-- [ RunTime:0.000587s ]
ERR: 无法加载模块:Undefined

