[ 2016-06-30T16:49:23+08:00 ] 220.181.108.87 /weixin-index-id-53-area-339-province-26.html
INFO: [ route_check ] --START--
INFO: CheckRoute Behavior ::run [ RunTime:0.000798s ]
INFO: [ route_check ] --END-- [ RunTime:0.000961s ]
NOTIC: [8] Use of undefined constant GROUP_NAME - assumed 'GROUP_NAME' /data/home/qxu2149910451/htdocs/Core/Lib/Core/App.class.php 第 61 行.
INFO: [ app_begin ] --START--
INFO: ReadHtmlCache Behavior ::run [ RunTime:0.000525s ]
INFO: [ app_begin ] --END-- [ RunTime:0.000590s ]
NOTIC: [2] session_start(): Cannot send session cookie - headers already sent by (output started at /data/home/qxu2149910451/htdocs/index.php:1) /data/home/qxu2149910451/htdocs/Core/Common/functions.php 第 566 行.
NOTIC: [2] session_start(): Cannot send session cache limiter - headers already sent (output started at /data/home/qxu2149910451/htdocs/index.php:1) /data/home/qxu2149910451/htdocs/Core/Common/functions.php 第 566 行.
NOTIC: [8] Undefined variable: group /data/home/qxu2149910451/htdocs/Core/Lib/Core/App.class.php 第 96 行.
ERR: 无法加载模块:weixin-index-id-53-area-339-province-26

[ 2016-06-30T16:51:03+08:00 ] 222.45.222.178 /
NOTIC: [8] Use of undefined constant GROUP_NAME - assumed 'GROUP_NAME' /data/home/qxu2149910451/htdocs/Core/Lib/Core/App.class.php 第 61 行.
INFO: [ app_begin ] --START--
INFO: ReadHtmlCache Behavior ::run [ RunTime:0.000590s ]
INFO: [ app_begin ] --END-- [ RunTime:0.000714s ]
NOTIC: [2] session_start(): Cannot send session cookie - headers already sent by (output started at /data/home/qxu2149910451/htdocs/index.php:1) /data/home/qxu2149910451/htdocs/Core/Common/functions.php 第 566 行.
NOTIC: [2] session_start(): Cannot send session cache limiter - headers already sent (output started at /data/home/qxu2149910451/htdocs/index.php:1) /data/home/qxu2149910451/htdocs/Core/Common/functions.php 第 566 行.
INFO: [ view_parse ] --START--
INFO: ParseTemplate Behavior ::run [ RunTime:0.007242s ]
INFO: [ view_parse ] --END-- [ RunTime:0.007343s ]
INFO: [ view_filter ] --START--
NOTIC: [8] Use of undefined constant APP_TMPL_PATH - assumed 'APP_TMPL_PATH' /data/home/qxu2149910451/htdocs/Core/Lib/Behavior/ContentReplaceBehavior.class.php 第 40 行.
NOTIC: [8] Use of undefined constant APP_TMPL_PATH - assumed 'APP_TMPL_PATH' /data/home/qxu2149910451/htdocs/Core/Lib/Behavior/ContentReplaceBehavior.class.php 第 47 行.
INFO: ContentReplace Behavior ::run [ RunTime:0.000468s ]
INFO: TokenBuild Behavior ::run [ RunTime:0.000380s ]
INFO: WriteHtmlCache Behavior ::run [ RunTime:0.000297s ]
INFO: ShowRuntime Behavior ::run [ RunTime:0.000454s ]
INFO: [ view_filter ] --END-- [ RunTime:0.001781s ]
NOTIC: [2] Cannot modify header information - headers already sent by (output started at /data/home/qxu2149910451/htdocs/index.php:1) /data/home/qxu2149910451/htdocs/Core/Lib/Core/View.class.php 第 95 行.
NOTIC: [2] Cannot modify header information - headers already sent by (output started at /data/home/qxu2149910451/htdocs/index.php:1) /data/home/qxu2149910451/htdocs/Core/Lib/Core/View.class.php 第 96 行.
NOTIC: [2] Cannot modify header information - headers already sent by (output started at /data/home/qxu2149910451/htdocs/index.php:1) /data/home/qxu2149910451/htdocs/Core/Lib/Core/View.class.php 第 97 行.
INFO: [ view_end ] --START--
INFO: ShowPageTrace Behavior ::run [ RunTime:0.000587s ]
INFO: [ view_end ] --END-- [ RunTime:0.000646s ]

[ 2016-06-30T16:51:05+08:00 ] 203.208.60.224 /weixin-show-id-5377.html
INFO: [ route_check ] --START--
INFO: CheckRoute Behavior ::run [ RunTime:0.000767s ]
INFO: [ route_check ] --END-- [ RunTime:0.000917s ]
NOTIC: [8] Use of undefined constant GROUP_NAME - assumed 'GROUP_NAME' /data/home/qxu2149910451/htdocs/Core/Lib/Core/App.class.php 第 61 行.
INFO: [ app_begin ] --START--
INFO: ReadHtmlCache Behavior ::run [ RunTime:0.000504s ]
INFO: [ app_begin ] --END-- [ RunTime:0.000564s ]
NOTIC: [2] session_start(): Cannot send session cookie - headers already sent by (output started at /data/home/qxu2149910451/htdocs/index.php:1) /data/home/qxu2149910451/htdocs/Core/Common/functions.php 第 566 行.
NOTIC: [2] session_start(): Cannot send session cache limiter - headers already sent (output started at /data/home/qxu2149910451/htdocs/index.php:1) /data/home/qxu2149910451/htdocs/Core/Common/functions.php 第 566 行.
NOTIC: [8] Undefined variable: group /data/home/qxu2149910451/htdocs/Core/Lib/Core/App.class.php 第 96 行.
ERR: 无法加载模块:weixin-show-id-5377

[ 2016-06-30T16:51:20+08:00 ] 222.45.222.178 /
NOTIC: [8] Use of undefined constant GROUP_NAME - assumed 'GROUP_NAME' /data/home/qxu2149910451/htdocs/Core/Lib/Core/App.class.php 第 61 行.
INFO: [ app_begin ] --START--
INFO: ReadHtmlCache Behavior ::run [ RunTime:0.000859s ]
INFO: [ app_begin ] --END-- [ RunTime:0.001026s ]
NOTIC: [2] session_start(): Cannot send session cookie - headers already sent by (output started at /data/home/qxu2149910451/htdocs/index.php:1) /data/home/qxu2149910451/htdocs/Core/Common/functions.php 第 566 行.
NOTIC: [2] session_start(): Cannot send session cache limiter - headers already sent (output started at /data/home/qxu2149910451/htdocs/index.php:1) /data/home/qxu2149910451/htdocs/Core/Common/functions.php 第 566 行.
INFO: [ view_parse ] --START--
INFO: ParseTemplate Behavior ::run [ RunTime:0.001082s ]
INFO: [ view_parse ] --END-- [ RunTime:0.001173s ]
INFO: [ view_filter ] --START--
NOTIC: [8] Use of undefined constant APP_TMPL_PATH - assumed 'APP_TMPL_PATH' /data/home/qxu2149910451/htdocs/Core/Lib/Behavior/ContentReplaceBehavior.class.php 第 40 行.
NOTIC: [8] Use of undefined constant APP_TMPL_PATH - assumed 'APP_TMPL_PATH' /data/home/qxu2149910451/htdocs/Core/Lib/Behavior/ContentReplaceBehavior.class.php 第 47 行.
INFO: ContentReplace Behavior ::run [ RunTime:0.000461s ]
INFO: TokenBuild Behavior ::run [ RunTime:0.000488s ]
INFO: WriteHtmlCache Behavior ::run [ RunTime:0.000332s ]
INFO: ShowRuntime Behavior ::run [ RunTime:0.000513s ]
INFO: [ view_filter ] --END-- [ RunTime:0.002000s ]
NOTIC: [2] Cannot modify header information - headers already sent by (output started at /data/home/qxu2149910451/htdocs/index.php:1) /data/home/qxu2149910451/htdocs/Core/Lib/Core/View.class.php 第 95 行.
NOTIC: [2] Cannot modify header information - headers already sent by (output started at /data/home/qxu2149910451/htdocs/index.php:1) /data/home/qxu2149910451/htdocs/Core/Lib/Core/View.class.php 第 96 行.
NOTIC: [2] Cannot modify header information - headers already sent by (output started at /data/home/qxu2149910451/htdocs/index.php:1) /data/home/qxu2149910451/htdocs/Core/Lib/Core/View.class.php 第 97 行.
INFO: [ view_end ] --START--
INFO: ShowPageTrace Behavior ::run [ RunTime:0.000576s ]
INFO: [ view_end ] --END-- [ RunTime:0.000639s ]

[ 2016-06-30T16:52:02+08:00 ] 203.208.60.221 /weixin-show-id-5006.html
INFO: [ route_check ] --START--
INFO: CheckRoute Behavior ::run [ RunTime:0.000760s ]
INFO: [ route_check ] --END-- [ RunTime:0.000903s ]
NOTIC: [8] Use of undefined constant GROUP_NAME - assumed 'GROUP_NAME' /data/home/qxu2149910451/htdocs/Core/Lib/Core/App.class.php 第 61 行.
INFO: [ app_begin ] --START--
INFO: ReadHtmlCache Behavior ::run [ RunTime:0.000528s ]
INFO: [ app_begin ] --END-- [ RunTime:0.000587s ]
NOTIC: [2] session_start(): Cannot send session cookie - headers already sent by (output started at /data/home/qxu2149910451/htdocs/index.php:1) /data/home/qxu2149910451/htdocs/Core/Common/functions.php 第 566 行.
NOTIC: [2] session_start(): Cannot send session cache limiter - headers already sent (output started at /data/home/qxu2149910451/htdocs/index.php:1) /data/home/qxu2149910451/htdocs/Core/Common/functions.php 第 566 行.
NOTIC: [8] Undefined variable: group /data/home/qxu2149910451/htdocs/Core/Lib/Core/App.class.php 第 96 行.
ERR: 无法加载模块:weixin-show-id-5006

[ 2016-06-30T16:52:36+08:00 ] 203.208.60.216 /weixin-show-id-5009.html
INFO: [ route_check ] --START--
INFO: CheckRoute Behavior ::run [ RunTime:0.000763s ]
INFO: [ route_check ] --END-- [ RunTime:0.000912s ]
NOTIC: [8] Use of undefined constant GROUP_NAME - assumed 'GROUP_NAME' /data/home/qxu2149910451/htdocs/Core/Lib/Core/App.class.php 第 61 行.
INFO: [ app_begin ] --START--
INFO: ReadHtmlCache Behavior ::run [ RunTime:0.000543s ]
INFO: [ app_begin ] --END-- [ RunTime:0.000600s ]
NOTIC: [2] session_start(): Cannot send session cookie - headers already sent by (output started at /data/home/qxu2149910451/htdocs/index.php:1) /data/home/qxu2149910451/htdocs/Core/Common/functions.php 第 566 行.
NOTIC: [2] session_start(): Cannot send session cache limiter - headers already sent (output started at /data/home/qxu2149910451/htdocs/index.php:1) /data/home/qxu2149910451/htdocs/Core/Common/functions.php 第 566 行.
NOTIC: [8] Undefined variable: group /data/home/qxu2149910451/htdocs/Core/Lib/Core/App.class.php 第 96 行.
ERR: 无法加载模块:weixin-show-id-5009

[ 2016-06-30T16:54:20+08:00 ] 203.208.60.227 /weixin-show-id-4976.html
INFO: [ route_check ] --START--
INFO: CheckRoute Behavior ::run [ RunTime:0.000804s ]
INFO: [ route_check ] --END-- [ RunTime:0.000956s ]
NOTIC: [8] Use of undefined constant GROUP_NAME - assumed 'GROUP_NAME' /data/home/qxu2149910451/htdocs/Core/Lib/Core/App.class.php 第 61 行.
INFO: [ app_begin ] --START--
INFO: ReadHtmlCache Behavior ::run [ RunTime:0.000556s ]
INFO: [ app_begin ] --END-- [ RunTime:0.000616s ]
NOTIC: [2] session_start(): Cannot send session cookie - headers already sent by (output started at /data/home/qxu2149910451/htdocs/index.php:1) /data/home/qxu2149910451/htdocs/Core/Common/functions.php 第 566 行.
NOTIC: [2] session_start(): Cannot send session cache limiter - headers already sent (output started at /data/home/qxu2149910451/htdocs/index.php:1) /data/home/qxu2149910451/htdocs/Core/Common/functions.php 第 566 行.
NOTIC: [8] Undefined variable: group /data/home/qxu2149910451/htdocs/Core/Lib/Core/App.class.php 第 96 行.
ERR: 无法加载模块:weixin-show-id-4976

[ 2016-06-30T16:54:31+08:00 ] 203.208.60.226 /weixin-show-id-4948.html
INFO: [ route_check ] --START--
INFO: CheckRoute Behavior ::run [ RunTime:0.000802s ]
INFO: [ route_check ] --END-- [ RunTime:0.000938s ]
NOTIC: [8] Use of undefined constant GROUP_NAME - assumed 'GROUP_NAME' /data/home/qxu2149910451/htdocs/Core/Lib/Core/App.class.php 第 61 行.
INFO: [ app_begin ] --START--
INFO: ReadHtmlCache Behavior ::run [ RunTime:0.000564s ]
INFO: [ app_begin ] --END-- [ RunTime:0.000622s ]
NOTIC: [2] session_start(): Cannot send session cookie - headers already sent by (output started at /data/home/qxu2149910451/htdocs/index.php:1) /data/home/qxu2149910451/htdocs/Core/Common/functions.php 第 566 行.
NOTIC: [2] session_start(): Cannot send session cache limiter - headers already sent (output started at /data/home/qxu2149910451/htdocs/index.php:1) /data/home/qxu2149910451/htdocs/Core/Common/functions.php 第 566 行.
NOTIC: [8] Undefined variable: group /data/home/qxu2149910451/htdocs/Core/Lib/Core/App.class.php 第 96 行.
ERR: 无法加载模块:weixin-show-id-4948

[ 2016-06-30T16:55:28+08:00 ] 203.208.60.219 /article-show-id-72.html
INFO: [ route_check ] --START--
INFO: CheckRoute Behavior ::run [ RunTime:0.001135s ]
INFO: [ route_check ] --END-- [ RunTime:0.001333s ]
NOTIC: [8] Use of undefined constant GROUP_NAME - assumed 'GROUP_NAME' /data/home/qxu2149910451/htdocs/Core/Lib/Core/App.class.php 第 61 行.
INFO: [ app_begin ] --START--
INFO: ReadHtmlCache Behavior ::run [ RunTime:0.000631s ]
INFO: [ app_begin ] --END-- [ RunTime:0.000693s ]
NOTIC: [2] session_start(): Cannot send session cookie - headers already sent by (output started at /data/home/qxu2149910451/htdocs/index.php:1) /data/home/qxu2149910451/htdocs/Core/Common/functions.php 第 566 行.
NOTIC: [2] session_start(): Cannot send session cache limiter - headers already sent (output started at /data/home/qxu2149910451/htdocs/index.php:1) /data/home/qxu2149910451/htdocs/Core/Common/functions.php 第 566 行.
NOTIC: [8] Undefined variable: group /data/home/qxu2149910451/htdocs/Core/Lib/Core/App.class.php 第 96 行.
ERR: 无法加载模块:article-show-id-72

[ 2016-06-30T16:57:23+08:00 ] 203.208.60.225 /article-show-id-54.html
INFO: [ route_check ] --START--
INFO: CheckRoute Behavior ::run [ RunTime:0.000743s ]
INFO: [ route_check ] --END-- [ RunTime:0.000873s ]
NOTIC: [8] Use of undefined constant GROUP_NAME - assumed 'GROUP_NAME' /data/home/qxu2149910451/htdocs/Core/Lib/Core/App.class.php 第 61 行.
INFO: [ app_begin ] --START--
INFO: ReadHtmlCache Behavior ::run [ RunTime:0.000510s ]
INFO: [ app_begin ] --END-- [ RunTime:0.000569s ]
NOTIC: [2] session_start(): Cannot send session cookie - headers already sent by (output started at /data/home/qxu2149910451/htdocs/index.php:1) /data/home/qxu2149910451/htdocs/Core/Common/functions.php 第 566 行.
NOTIC: [2] session_start(): Cannot send session cache limiter - headers already sent (output started at /data/home/qxu2149910451/htdocs/index.php:1) /data/home/qxu2149910451/htdocs/Core/Common/functions.php 第 566 行.
NOTIC: [8] Undefined variable: group /data/home/qxu2149910451/htdocs/Core/Lib/Core/App.class.php 第 96 行.
ERR: 无法加载模块:article-show-id-54

[ 2016-06-30T16:58:15+08:00 ] 120.1.29.64 /weixin-index-id-47.html
INFO: [ route_check ] --START--
INFO: CheckRoute Behavior ::run [ RunTime:0.000843s ]
INFO: [ route_check ] --END-- [ RunTime:0.000996s ]
NOTIC: [8] Use of undefined constant GROUP_NAME - assumed 'GROUP_NAME' /data/home/qxu2149910451/htdocs/Core/Lib/Core/App.class.php 第 61 行.
INFO: [ app_begin ] --START--
INFO: ReadHtmlCache Behavior ::run [ RunTime:0.000788s ]
INFO: [ app_begin ] --END-- [ RunTime:0.000876s ]
NOTIC: [2] session_start(): Cannot send session cache limiter - headers already sent (output started at /data/home/qxu2149910451/htdocs/index.php:1) /data/home/qxu2149910451/htdocs/Core/Common/functions.php 第 566 行.
NOTIC: [8] Undefined variable: group /data/home/qxu2149910451/htdocs/Core/Lib/Core/App.class.php 第 96 行.
ERR: 无法加载模块:weixin-index-id-47

[ 2016-06-30T16:58:20+08:00 ] 120.1.29.64 /weixin-index-id-47.html
INFO: [ route_check ] --START--
INFO: CheckRoute Behavior ::run [ RunTime:0.000778s ]
INFO: [ route_check ] --END-- [ RunTime:0.000910s ]
NOTIC: [8] Use of undefined constant GROUP_NAME - assumed 'GROUP_NAME' /data/home/qxu2149910451/htdocs/Core/Lib/Core/App.class.php 第 61 行.
INFO: [ app_begin ] --START--
INFO: ReadHtmlCache Behavior ::run [ RunTime:0.000554s ]
INFO: [ app_begin ] --END-- [ RunTime:0.000613s ]
NOTIC: [2] session_start(): Cannot send session cache limiter - headers already sent (output started at /data/home/qxu2149910451/htdocs/index.php:1) /data/home/qxu2149910451/htdocs/Core/Common/functions.php 第 566 行.
NOTIC: [8] Undefined variable: group /data/home/qxu2149910451/htdocs/Core/Lib/Core/App.class.php 第 96 行.
ERR: 无法加载模块:weixin-index-id-47

[ 2016-06-30T16:58:37+08:00 ] 120.1.29.64 /
NOTIC: [8] Use of undefined constant GROUP_NAME - assumed 'GROUP_NAME' /data/home/qxu2149910451/htdocs/Core/Lib/Core/App.class.php 第 61 行.
INFO: [ app_begin ] --START--
INFO: ReadHtmlCache Behavior ::run [ RunTime:0.000636s ]
INFO: [ app_begin ] --END-- [ RunTime:0.000742s ]
NOTIC: [2] session_start(): Cannot send session cache limiter - headers already sent (output started at /data/home/qxu2149910451/htdocs/index.php:1) /data/home/qxu2149910451/htdocs/Core/Common/functions.php 第 566 行.
INFO: [ view_parse ] --START--
INFO: ParseTemplate Behavior ::run [ RunTime:0.000955s ]
INFO: [ view_parse ] --END-- [ RunTime:0.001030s ]
INFO: [ view_filter ] --START--
NOTIC: [8] Use of undefined constant APP_TMPL_PATH - assumed 'APP_TMPL_PATH' /data/home/qxu2149910451/htdocs/Core/Lib/Behavior/ContentReplaceBehavior.class.php 第 40 行.
NOTIC: [8] Use of undefined constant APP_TMPL_PATH - assumed 'APP_TMPL_PATH' /data/home/qxu2149910451/htdocs/Core/Lib/Behavior/ContentReplaceBehavior.class.php 第 47 行.
INFO: ContentReplace Behavior ::run [ RunTime:0.000456s ]
INFO: TokenBuild Behavior ::run [ RunTime:0.000450s ]
INFO: WriteHtmlCache Behavior ::run [ RunTime:0.000368s ]
INFO: ShowRuntime Behavior ::run [ RunTime:0.000464s ]
INFO: [ view_filter ] --END-- [ RunTime:0.001929s ]
NOTIC: [2] Cannot modify header information - headers already sent by (output started at /data/home/qxu2149910451/htdocs/index.php:1) /data/home/qxu2149910451/htdocs/Core/Lib/Core/View.class.php 第 95 行.
NOTIC: [2] Cannot modify header information - headers already sent by (output started at /data/home/qxu2149910451/htdocs/index.php:1) /data/home/qxu2149910451/htdocs/Core/Lib/Core/View.class.php 第 96 行.
NOTIC: [2] Cannot modify header information - headers already sent by (output started at /data/home/qxu2149910451/htdocs/index.php:1) /data/home/qxu2149910451/htdocs/Core/Lib/Core/View.class.php 第 97 行.
INFO: [ view_end ] --START--
INFO: ShowPageTrace Behavior ::run [ RunTime:0.000601s ]
INFO: [ view_end ] --END-- [ RunTime:0.000669s ]

[ 2016-06-30T16:58:41+08:00 ] 120.1.29.64 /
NOTIC: [8] Use of undefined constant GROUP_NAME - assumed 'GROUP_NAME' /data/home/qxu2149910451/htdocs/Core/Lib/Core/App.class.php 第 61 行.
INFO: [ app_begin ] --START--
INFO: ReadHtmlCache Behavior ::run [ RunTime:0.000575s ]
INFO: [ app_begin ] --END-- [ RunTime:0.000712s ]
NOTIC: [2] session_start(): Cannot send session cache limiter - headers already sent (output started at /data/home/qxu2149910451/htdocs/index.php:1) /data/home/qxu2149910451/htdocs/Core/Common/functions.php 第 566 行.
INFO: [ view_parse ] --START--
INFO: ParseTemplate Behavior ::run [ RunTime:0.000940s ]
INFO: [ view_parse ] --END-- [ RunTime:0.001019s ]
INFO: [ view_filter ] --START--
NOTIC: [8] Use of undefined constant APP_TMPL_PATH - assumed 'APP_TMPL_PATH' /data/home/qxu2149910451/htdocs/Core/Lib/Behavior/ContentReplaceBehavior.class.php 第 40 行.
NOTIC: [8] Use of undefined constant APP_TMPL_PATH - assumed 'APP_TMPL_PATH' /data/home/qxu2149910451/htdocs/Core/Lib/Behavior/ContentReplaceBehavior.class.php 第 47 行.
INFO: ContentReplace Behavior ::run [ RunTime:0.000479s ]
INFO: TokenBuild Behavior ::run [ RunTime:0.000447s ]
INFO: WriteHtmlCache Behavior ::run [ RunTime:0.000322s ]
INFO: ShowRuntime Behavior ::run [ RunTime:0.000431s ]
INFO: [ view_filter ] --END-- [ RunTime:0.001839s ]
NOTIC: [2] Cannot modify header information - headers already sent by (output started at /data/home/qxu2149910451/htdocs/index.php:1) /data/home/qxu2149910451/htdocs/Core/Lib/Core/View.class.php 第 95 行.
NOTIC: [2] Cannot modify header information - headers already sent by (output started at /data/home/qxu2149910451/htdocs/index.php:1) /data/home/qxu2149910451/htdocs/Core/Lib/Core/View.class.php 第 96 行.
NOTIC: [2] Cannot modify header information - headers already sent by (output started at /data/home/qxu2149910451/htdocs/index.php:1) /data/home/qxu2149910451/htdocs/Core/Lib/Core/View.class.php 第 97 行.
INFO: [ view_end ] --START--
INFO: ShowPageTrace Behavior ::run [ RunTime:0.000636s ]
INFO: [ view_end ] --END-- [ RunTime:0.000695s ]

